Starting run gru-char with model='gru' tokenization='char' epochs=100 num_hiddens=128 device=cuda:0
epoch 0 - val-ppl: 15.0, train-ppl: 23.7, elapsed_time=56.64s
epoch 1 - val-ppl: 11.3, train-ppl: 12.6, elapsed_time=56.63s
epoch 2 - val-ppl: 9.8, train-ppl: 10.3, elapsed_time=56.60s
epoch 3 - val-ppl: 8.9, train-ppl: 9.2, elapsed_time=56.50s
epoch 4 - val-ppl: 8.3, train-ppl: 8.4, elapsed_time=56.48s
epoch 5 - val-ppl: 7.8, train-ppl: 7.9, elapsed_time=56.53s
epoch 6 - val-ppl: 7.3, train-ppl: 7.5, elapsed_time=56.49s
epoch 7 - val-ppl: 7.1, train-ppl: 7.1, elapsed_time=56.50s
epoch 8 - val-ppl: 6.7, train-ppl: 6.8, elapsed_time=56.63s
epoch 9 - val-ppl: 6.5, train-ppl: 6.5, elapsed_time=56.51s
<BOS> Y e s <EOS>
<BOS> f o r   a   r e a l   t o   s e e   t h e   s o m e   t h e   s t a r t h i n g   t h e   s t a r t   t h e   s t a r t   t h e   s t a r t   t h e   s t a r t   t h e   s t a r t   t h e   s t a r t  
<BOS> w i l l   b e   a   g r e a t   t h e   s o o n <EOS>
<BOS> y e s <EOS>
<BOS> K i n g r e s s   t o   s e e   t h e   s o m e   t h e   s t a r t h i n g   t h e   s t a r t   t h e   s t a r t   t h e   s t a r t   t h e   s t a r t   t h e   s t a r t   t h e   s t a r t   t h
<BOS> E x a c t l y <EOS>
<BOS> l o t   i s   a   l i k e   a   l i k e   a   l i k e   a   l i k e   a   l i k e   a   l i k e   a   l i k e   a   l i k e   a   l i k e   a   l i k e   a   l o t   t o   a l l   s o   n o t   t h e  
epoch 10 - val-ppl: 6.3, train-ppl: 6.3, elapsed_time=56.54s
epoch 11 - val-ppl: 6.2, train-ppl: 6.1, elapsed_time=56.57s
epoch 12 - val-ppl: 6.0, train-ppl: 5.9, elapsed_time=56.48s
epoch 13 - val-ppl: 5.9, train-ppl: 5.8, elapsed_time=56.47s
epoch 14 - val-ppl: 5.8, train-ppl: 5.7, elapsed_time=56.48s
epoch 15 - val-ppl: 5.7, train-ppl: 5.6, elapsed_time=56.53s
epoch 16 - val-ppl: 5.6, train-ppl: 5.5, elapsed_time=56.72s
epoch 17 - val-ppl: 5.5, train-ppl: 5.4, elapsed_time=56.47s
epoch 18 - val-ppl: 5.4, train-ppl: 5.3, elapsed_time=56.61s
epoch 19 - val-ppl: 5.4, train-ppl: 5.2, elapsed_time=56.45s
<BOS> Y e s <EOS>
<BOS> f o r   s u r e <EOS>
<BOS> w i l l   b e   a   l i t t l e   t h e   s t a r t   t h e   s t a r t   t h e   s t a r t   t h e   s t a r t   t h e   s t a r t   t h e   s t a r t   t h e   s t a r t   t h e   s t a r t   t h e  
<BOS> ( b e   a   l i t t l e   t o   b e   a   s e l l i n g   o n   t h e   s t a r t   t h e   s t a r t   t h e   s t a r t   t h e   s t a r t   t h e   s t a r t   t h e   s t a r t   t h e   s t a r t
<BOS> y e s <EOS>
<BOS> p o s t i b l e   t o   s e e   s h o u l d   b e   a   s e l l i n g   o n   t h e   s t a r t   t h e   s t a r t   t h e   s t a r t   t h e   s t a r t   t h e   s t a r t   t h e   s t a r t   t h
<BOS> +   s h o u l d   b e   a   s e e   s h o u l d   b e   a   s e l l i n g   o n   t h e   s t a r t   t h e   s t a r t   t h e   s t a r t   t h e   s t a r t   t h e   s t a r t   t h e   s t a r t  
epoch 20 - val-ppl: 5.3, train-ppl: 5.2, elapsed_time=56.47s
epoch 21 - val-ppl: 5.3, train-ppl: 5.1, elapsed_time=56.55s
epoch 22 - val-ppl: 5.2, train-ppl: 5.1, elapsed_time=56.47s
epoch 23 - val-ppl: 5.2, train-ppl: 5.0, elapsed_time=56.51s
epoch 24 - val-ppl: 5.1, train-ppl: 5.0, elapsed_time=56.51s
epoch 25 - val-ppl: 5.1, train-ppl: 4.9, elapsed_time=56.43s
epoch 26 - val-ppl: 5.0, train-ppl: 4.9, elapsed_time=56.48s
epoch 27 - val-ppl: 5.0, train-ppl: 4.9, elapsed_time=56.52s
epoch 28 - val-ppl: 5.0, train-ppl: 4.8, elapsed_time=56.57s
epoch 29 - val-ppl: 5.0, train-ppl: 4.8, elapsed_time=56.48s
<BOS> Y e s <EOS>
<BOS> f o r   s u r e <EOS>
<BOS> w i l l   d o <EOS>
<BOS> +   s o l a r   i s   a   g r e a t   t o   s e e   t h e   w i l l   b e   a   s t e e d   t o   t h e   s t a r t   t h e   s t a r t   t h e   s t a r t   t h e   s t a r t   t h e   s t a r t   t h
<BOS> d e f i n i t e l y <EOS>
<BOS> ' s   p h o n   a   f e w   m o n t h s <EOS>
<BOS> 4   t h e   s o m e   t h e   s h o w s   a   l o t   o f   t h e   r e a l   t h e   s t a r t   t h e   s t a r t   t h e   s t a r t   t h e   s t a r t   t h e   s t a r t   t h e   s t a r t   t h
epoch 30 - val-ppl: 4.9, train-ppl: 4.8, elapsed_time=56.59s
epoch 31 - val-ppl: 4.9, train-ppl: 4.8, elapsed_time=56.62s
epoch 32 - val-ppl: 4.9, train-ppl: 4.7, elapsed_time=56.48s
epoch 33 - val-ppl: 4.9, train-ppl: 4.7, elapsed_time=56.48s
epoch 34 - val-ppl: 4.9, train-ppl: 4.7, elapsed_time=56.49s
epoch 35 - val-ppl: 4.8, train-ppl: 4.7, elapsed_time=56.53s
epoch 36 - val-ppl: 4.9, train-ppl: 4.6, elapsed_time=56.46s
epoch 37 - val-ppl: 4.8, train-ppl: 4.6, elapsed_time=56.57s
epoch 38 - val-ppl: 4.8, train-ppl: 4.6, elapsed_time=56.63s
epoch 39 - val-ppl: 4.8, train-ppl: 4.6, elapsed_time=56.54s
<BOS> Y e s <EOS>
<BOS> f o r   s u r e <EOS>
<BOS> w e   w i l l   d o   i t <EOS>
<BOS> 3 k <EOS>
<BOS> Z e r o t h   h a h a <EOS>
<BOS> H a h a <EOS>
<BOS> <BOS> u t h   l e a d   i s   a   l o t <EOS>
epoch 40 - val-ppl: 4.7, train-ppl: 4.6, elapsed_time=56.60s
epoch 41 - val-ppl: 4.7, train-ppl: 4.6, elapsed_time=56.52s
epoch 42 - val-ppl: 4.7, train-ppl: 4.5, elapsed_time=56.48s
epoch 43 - val-ppl: 4.7, train-ppl: 4.5, elapsed_time=56.52s
epoch 44 - val-ppl: 4.7, train-ppl: 4.5, elapsed_time=56.56s
epoch 45 - val-ppl: 4.7, train-ppl: 4.5, elapsed_time=56.43s
epoch 46 - val-ppl: 4.7, train-ppl: 4.5, elapsed_time=56.54s
epoch 47 - val-ppl: 4.7, train-ppl: 4.5, elapsed_time=56.49s
epoch 48 - val-ppl: 4.7, train-ppl: 4.5, elapsed_time=56.73s
epoch 49 - val-ppl: 4.6, train-ppl: 4.5, elapsed_time=56.51s
<BOS> Y e s <EOS>
<BOS> f o r   s u r e <EOS>
<BOS> w e   h a v e   a   t i m e   t o   h a v e   a   l o t   o f   t h e   s e n s e <EOS>
<BOS> J u s t   s e e m   a   l o t   o f   t h e   s e n s e   t o   b e   a   l o t   o f   t h e   s e n s e   t o   s e e   w h e n   a   l o t   o f   t h e   s h o w   o f   t h e   s h o w   o f   t h
<BOS> ( A l m o s   i n   t h e   s h o w s   a r e   a   l o t   o f   t h e   s h o w   o f   t h e   s h o w   o f   t h e   s h o w   o f   t h e   s h o w   o f   t h e   s h o w   o f   t h e   s h o w
<BOS> ' s   p h o r e   o f   t h e   s h o w   o f   t h e   s h o w   o f   t h e   s h o w   o f   t h e   s h o w   o f   t h e   s h o w   o f   t h e   s h o w   o f   t h e   s h o w   o f   t h e   s
<BOS> & a m p ;   s o o n <EOS>
epoch 50 - val-ppl: 4.6, train-ppl: 4.4, elapsed_time=56.55s
epoch 51 - val-ppl: 4.6, train-ppl: 4.4, elapsed_time=56.57s
epoch 52 - val-ppl: 4.6, train-ppl: 4.4, elapsed_time=56.56s
epoch 53 - val-ppl: 4.6, train-ppl: 4.4, elapsed_time=56.53s
epoch 54 - val-ppl: 4.6, train-ppl: 4.4, elapsed_time=56.47s
epoch 55 - val-ppl: 4.6, train-ppl: 4.4, elapsed_time=56.57s
epoch 56 - val-ppl: 4.6, train-ppl: 4.4, elapsed_time=56.54s
epoch 57 - val-ppl: 4.6, train-ppl: 4.4, elapsed_time=56.53s
epoch 58 - val-ppl: 4.6, train-ppl: 4.4, elapsed_time=56.65s
epoch 59 - val-ppl: 4.5, train-ppl: 4.4, elapsed_time=56.47s
<BOS> Y e s <EOS>
<BOS> f o r   s u r e <EOS>
<BOS> w e   h a d   s u r e <EOS>
<BOS> 6   t h i n k   o f   t h e   f u t u r e   f o r   a   l o t   o f   t h e   s o l a r   a n d   a   f e w   d a y s   a n d   a   f e w   m o n t h s   a r e   a   l o t   o f   t h e   s t a r t   t
<BOS> ] <EOS>
<BOS> y e s <EOS>
<BOS> <BOS> o n   i t s   a   g r e a t   t o   s e e   i n   t h e   s o l a r   a n d   a   f e w   d a y s   a n d   a   f e w   m o n t h s   a r e   a   l o t   o f   t h e   s o l a r   a t   t h e   s o l
epoch 60 - val-ppl: 4.5, train-ppl: 4.3, elapsed_time=56.51s
epoch 61 - val-ppl: 4.5, train-ppl: 4.3, elapsed_time=56.54s
epoch 62 - val-ppl: 4.5, train-ppl: 4.3, elapsed_time=56.47s
epoch 63 - val-ppl: 4.5, train-ppl: 4.3, elapsed_time=56.48s
epoch 64 - val-ppl: 4.5, train-ppl: 4.3, elapsed_time=56.55s
epoch 65 - val-ppl: 4.5, train-ppl: 4.3, elapsed_time=56.52s
epoch 66 - val-ppl: 4.5, train-ppl: 4.3, elapsed_time=56.48s
epoch 67 - val-ppl: 4.5, train-ppl: 4.3, elapsed_time=56.54s
epoch 68 - val-ppl: 4.5, train-ppl: 4.3, elapsed_time=56.61s
epoch 69 - val-ppl: 4.5, train-ppl: 4.3, elapsed_time=56.51s
<BOS> Y e s <EOS>
<BOS> f o r   s u r e <EOS>
<BOS> w e   h a d <EOS>
<BOS> s t a n k   i n   a   f e w   m o n t h s <EOS>
<BOS> ( A l m o n t   c a r e   o f   t h e   r e a l   t h e   s u p e r   t h e   f u t u r e   i s   a   s e r v i c e   a n d   a   f e w   m a n y   c o m p l e t e   t h e   r e a l   t h e   s u p e r
<BOS> 0 0 0   = <EOS>
<BOS> e x a c t l y <EOS>
epoch 70 - val-ppl: 4.5, train-ppl: 4.3, elapsed_time=56.55s
epoch 71 - val-ppl: 4.5, train-ppl: 4.3, elapsed_time=56.51s
epoch 72 - val-ppl: 4.5, train-ppl: 4.3, elapsed_time=56.58s
epoch 73 - val-ppl: 4.5, train-ppl: 4.3, elapsed_time=56.59s
epoch 74 - val-ppl: 4.5, train-ppl: 4.3, elapsed_time=56.47s
epoch 75 - val-ppl: 4.5, train-ppl: 4.3, elapsed_time=56.50s
epoch 76 - val-ppl: 4.5, train-ppl: 4.3, elapsed_time=56.50s
epoch 77 - val-ppl: 4.4, train-ppl: 4.2, elapsed_time=56.49s
epoch 78 - val-ppl: 4.5, train-ppl: 4.2, elapsed_time=56.62s
epoch 79 - val-ppl: 4.4, train-ppl: 4.2, elapsed_time=56.50s
<BOS> Y e s <EOS>
<BOS> f o r   s u r e <EOS>
<BOS> w e   h a v e   a   t i m e <EOS>
<BOS> f o r   s u r e <EOS>
<BOS> 0 0 f   p r o b a b l y   a   l o t   o f   t h e   s t a r t   t o   t h e   m o s t   l i k e l y   t o   b e   a   g r e a t   s t a t i o n   a r e   a   l o t   o f   t h e   s t a r t   t o   t h
<BOS> 4   m a k i n g   t h e   s t a r t   t o   t h e   m o s t   l i k e l y   t o   b e   a   g r e a t   s t a t i o n   a r e   a   l o t   o f   t h e   s t a r t   t o   t h e   m o s t   l i k e l y
<BOS> a l l   g o o d <EOS>
epoch 80 - val-ppl: 4.4, train-ppl: 4.2, elapsed_time=56.48s
epoch 81 - val-ppl: 4.5, train-ppl: 4.2, elapsed_time=56.48s
epoch 82 - val-ppl: 4.4, train-ppl: 4.2, elapsed_time=56.49s
epoch 83 - val-ppl: 4.4, train-ppl: 4.2, elapsed_time=56.58s
epoch 84 - val-ppl: 4.4, train-ppl: 4.2, elapsed_time=56.52s
epoch 85 - val-ppl: 4.4, train-ppl: 4.2, elapsed_time=56.47s
epoch 86 - val-ppl: 4.5, train-ppl: 4.2, elapsed_time=56.48s
epoch 87 - val-ppl: 4.4, train-ppl: 4.2, elapsed_time=56.45s
epoch 88 - val-ppl: 4.4, train-ppl: 4.2, elapsed_time=56.61s
epoch 89 - val-ppl: 4.4, train-ppl: 4.2, elapsed_time=56.47s
<BOS> Y e s <EOS>
<BOS> f o r   s u r e <EOS>
<BOS> w e   w i l l <EOS>
<BOS> t h a n k s ! <EOS>
<BOS> W e   a r e   t h e   b e s t   s o o n <EOS>
<BOS> c o o l <EOS>
<BOS> z e r r y   t h   o f   t h e   s t a t e s   i s   t h e   r e a l   o f   t h e   m o n t h s   a r e   a   l o t   o f   t h e   s t a r t i n g   a n d   t h e   s t a r t   t o   b e   a   g r e a
epoch 90 - val-ppl: 4.4, train-ppl: 4.2, elapsed_time=56.48s
epoch 91 - val-ppl: 4.5, train-ppl: 4.2, elapsed_time=56.48s
epoch 92 - val-ppl: 4.4, train-ppl: 4.2, elapsed_time=56.50s
epoch 93 - val-ppl: 4.4, train-ppl: 4.2, elapsed_time=56.60s
epoch 94 - val-ppl: 4.4, train-ppl: 4.2, elapsed_time=56.56s
epoch 95 - val-ppl: 4.4, train-ppl: 4.2, elapsed_time=56.51s
epoch 96 - val-ppl: 4.4, train-ppl: 4.2, elapsed_time=56.54s
epoch 97 - val-ppl: 4.4, train-ppl: 4.2, elapsed_time=56.48s
epoch 98 - val-ppl: 4.4, train-ppl: 4.2, elapsed_time=56.67s
epoch 99 - val-ppl: 4.4, train-ppl: 4.2, elapsed_time=56.54s
<BOS> Y e s <EOS>
<BOS> f o r   s u r e <EOS>
<BOS> w e   d o <EOS>
<BOS> I   w i s h <EOS>
<BOS> [ a h e m ] <EOS>
<BOS> ( A l m o n t   l i k e   t h e   s u p p o r t   f o r   a   l o t   o f   t h e   s u p p o r t   f o r   a   l o t   o f   t h e   s u p p o r t   f o r   a   l o t   o f   t h e   s u p p o r t   f
<BOS> ,   w e l c o m e   i s   a   l o t   o f   w i t h   a   m i l l i o n   t o   t h e   m o s t   l i k e l y   t h e   s t a r t   t o   s e e   t h e   c o m p l e t e d   t h e   s t a r t   t o   s
<BOS> Y e s <EOS>
train results (ppl):
[23.67305919358449, 12.589312289749985, 10.338560621954917, 9.231995114803869, 8.445498673342806, 7.8798372824893645, 7.451420746536943, 7.0655950950213064, 6.775543046974791, 6.504750074692503, 6.279877694020615, 6.085491468776161, 5.939512441948516, 5.792631836125908, 5.673124597122922, 5.564691334728944, 5.469567462689703, 5.388677294895961, 5.31060932155859, 5.2385286463254195, 5.183071306898973, 5.125845724001592, 5.0723165884947985, 5.027556589763852, 4.982457817848886, 4.941332185158989, 4.903285617619372, 4.875177014455934, 4.846348069533509, 4.809440369905222, 4.773053061887612, 4.759147387416024, 4.73422721718491, 4.709907206496057, 4.683140619199396, 4.653328540067124, 4.6461511057058225, 4.626118744269482, 4.605762918895895, 4.589242573700513, 4.5667133654680026, 4.554792319064078, 4.538562077018935, 4.526632678597559, 4.5093000384943025, 4.500275134740754, 4.4867089013816015, 4.474082865465476, 4.45976319550625, 4.450920696506331, 4.436450296099072, 4.4236519927468345, 4.4209135231403645, 4.405349885361578, 4.40369763331983, 4.387696412565034, 4.383980885694374, 4.371432393683744, 4.373982629885376, 4.359801188654622, 4.347114233917588, 4.34200777930833, 4.331847536266394, 4.32750612395393, 4.3185566912092375, 4.312220898561321, 4.30827724093545, 4.295300577600207, 4.299106486515863, 4.290085695255961, 4.288353977623379, 4.277174081393889, 4.269249400653281, 4.265591748181293, 4.262115075368557, 4.251597878725253, 4.2507134604964225, 4.243216837816209, 4.240833874783347, 4.243409463364312, 4.236667852414321, 4.2292249476009625, 4.221034053418103, 4.216475398074162, 4.213322313731536, 4.2096851557861905, 4.210484609937075, 4.205236285196594, 4.201098589804825, 4.199477726873606, 4.193954162144588, 4.185786647183414, 4.192144439068544, 4.1809048738420715, 4.175721287268263, 4.175766085442625, 4.172189990353531, 4.167130334712622, 4.1678133156581065, 4.17166524960678]
val results (ppl):
[15.011800701465184, 11.304821937116909, 9.802986701236314, 8.938240325744342, 8.270637633509434, 7.817034894822207, 7.346301959730811, 7.05107512009386, 6.710208753333434, 6.492358391043545, 6.313583614281613, 6.1725384805423795, 6.015103987226355, 5.90075423861676, 5.765320160907645, 5.654404737693049, 5.590250845885867, 5.507074553675383, 5.4286442460667255, 5.3633675988131815, 5.308441183424704, 5.25326658535445, 5.214678043086017, 5.176700207126266, 5.113655150558392, 5.084209226934451, 5.049179126908099, 5.008533478829668, 4.988297178040609, 4.985526209021227, 4.947770074243298, 4.909448086617121, 4.878015252516252, 4.864519747664731, 4.881680103802147, 4.83182321369474, 4.851281670603873, 4.791553774177658, 4.773359175668663, 4.77767499976817, 4.719723923406629, 4.733250048190692, 4.707425036319624, 4.718543062955484, 4.712024083386996, 4.672898434637409, 4.668517277750311, 4.663186744843094, 4.658632066289559, 4.628034787965164, 4.6131894444471255, 4.59900112128952, 4.616501856769854, 4.603947124129762, 4.563799985852818, 4.576387831968796, 4.5673127171016645, 4.575711810297695, 4.588215736984927, 4.526449274671138, 4.543188524967418, 4.521790399743658, 4.5206510758624905, 4.521142741975105, 4.501795225624496, 4.508603351260293, 4.481595540940858, 4.530141981774868, 4.492929825345612, 4.50244796493446, 4.46781398945731, 4.502873793177863, 4.479750281100598, 4.458599526197872, 4.456068670515378, 4.454962570545683, 4.4619344662056735, 4.439806411889533, 4.45198320330994, 4.4245711942469015, 4.446240810315778, 4.454304319831536, 4.435945149402287, 4.438590242647044, 4.417586840017229, 4.428853633729903, 4.4608722600684505, 4.401680592650116, 4.444844329192493, 4.420822063091852, 4.395040425749995, 4.4897269691786645, 4.393904563759405, 4.386226769716233, 4.412712902219407, 4.392673897653842, 4.3868819300233435, 4.409711831462074, 4.3777536452813886, 4.362385264924925]
------------------
